# JRE version: OpenJDK Runtime Environment Temurin-17.0.8.1+1 (17.0.8.1+1) (build 17.0.8.1+1)
# Java VM: OpenJDK 64-Bit Server VM Temurin-17.0.8.1+1 (17.0.8.1+1, mixed mode, tiered, compressed oops, compressed class ptrs, parallel gc, windows-amd64)
GC Precious Log:
 CPUs: 8 total, 8 available
 Memory: 8067M
 Large Page Support: Disabled
 NUMA Support: Disabled
 Compressed Oops: Enabled (32-bit)
 Alignments: Space 512K, Generation 512K, Heap 2M
 Heap Min Capacity: 100M
 Heap Initial Capacity: 100M
 Heap Max Capacity: 1G
 Pre-touch: Disabled
 Parallel Workers: 8
Heap:
 PSYoungGen      total 24064K, used 18960K [0x00000000eab00000, 0x00000000ec480000, 0x0000000100000000)
  eden space 22016K, 77% used [0x00000000eab00000,0x00000000ebb9c2d8,0x00000000ec080000)
  from space 2048K, 95% used [0x00000000ec100000,0x00000000ec2e8010,0x00000000ec300000)
  to   space 1536K, 0% used [0x00000000ec300000,0x00000000ec300000,0x00000000ec480000)
 ParOldGen       total 68608K, used 24323K [0x00000000c0000000, 0x00000000c4300000, 0x00000000eab00000)
  object space 68608K, 35% used [0x00000000c0000000,0x00000000c17c0e08,0x00000000c4300000)
 Metaspace       used 56753K, committed 57664K, reserved 1114112K
  class space    used 6259K, committed 6656K, reserved 1048576K
GC Heap History (20 events):
Event: 15.829 GC heap before
{Heap before GC invocations=12 (full 2):
 PSYoungGen      total 23552K, used 1150K [0x00000000eab00000, 0x00000000ec480000, 0x0000000100000000)
  eden space 22016K, 0% used [0x00000000eab00000,0x00000000eab00000,0x00000000ec080000)
  from space 1536K, 74% used [0x00000000ec300000,0x00000000ec41fb60,0x00000000ec480000)
  to   space 1536K, 0% used [0x00000000ec180000,0x00000000ec180000,0x00000000ec300000)
 ParOldGen       total 68608K, used 14852K [0x00000000c0000000, 0x00000000c4300000, 0x00000000eab00000)
  object space 68608K, 21% used [0x00000000c0000000,0x00000000c0e81148,0x00000000c4300000)
 Metaspace       used 35177K, committed 35840K, reserved 1114112K
  class space    used 3541K, committed 3840K, reserved 1048576K
}
Event: 15.865 GC heap after
{Heap after GC invocations=12 (full 2):
 PSYoungGen      total 23552K, used 0K [0x00000000eab00000, 0x00000000ec480000, 0x0000000100000000)
  eden space 22016K, 0% used [0x00000000eab00000,0x00000000eab00000,0x00000000ec080000)
  from space 1536K, 0% used [0x00000000ec300000,0x00000000ec300000,0x00000000ec480000)
  to   space 1536K, 0% used [0x00000000ec180000,0x00000000ec180000,0x00000000ec300000)
 ParOldGen       total 68608K, used 13231K [0x00000000c0000000, 0x00000000c4300000, 0x00000000eab00000)
  object space 68608K, 19% used [0x00000000c0000000,0x00000000c0cebdd8,0x00000000c4300000)
 Metaspace       used 35177K, committed 35840K, reserved 1114112K
  class space    used 3541K, committed 3840K, reserved 1048576K
}
Event: 16.295 GC heap before
{Heap before GC invocations=13 (full 2):
 PSYoungGen      total 23552K, used 22016K [0x00000000eab00000, 0x00000000ec480000, 0x0000000100000000)
  eden space 22016K, 100% used [0x00000000eab00000,0x00000000ec080000,0x00000000ec080000)
  from space 1536K, 0% used [0x00000000ec300000,0x00000000ec300000,0x00000000ec480000)
  to   space 1536K, 0% used [0x00000000ec180000,0x00000000ec180000,0x00000000ec300000)
 ParOldGen       total 68608K, used 13231K [0x00000000c0000000, 0x00000000c4300000, 0x00000000eab00000)
  object space 68608K, 19% used [0x00000000c0000000,0x00000000c0cebdd8,0x00000000c4300000)
 Metaspace       used 37919K, committed 38656K, reserved 1114112K
  class space    used 3877K, committed 4224K, reserved 1048576K
}
Event: 16.296 GC heap after
{Heap after GC invocations=13 (full 2):
 PSYoungGen      total 23552K, used 1061K [0x00000000eab00000, 0x00000000ec380000, 0x0000000100000000)
  eden space 22016K, 0% used [0x00000000eab00000,0x00000000eab00000,0x00000000ec080000)
  from space 1536K, 69% used [0x00000000ec180000,0x00000000ec289698,0x00000000ec300000)
  to   space 512K, 0% used [0x00000000ec300000,0x00000000ec300000,0x00000000ec380000)
 ParOldGen       total 68608K, used 13239K [0x00000000c0000000, 0x00000000c4300000, 0x00000000eab00000)
  object space 68608K, 19% used [0x00000000c0000000,0x00000000c0ceddd8,0x00000000c4300000)
 Metaspace       used 37919K, committed 38656K, reserved 1114112K
  class space    used 3877K, committed 4224K, reserved 1048576K
}
Event: 16.893 GC heap before
{Heap before GC invocations=14 (full 2):
 PSYoungGen      total 23552K, used 23077K [0x00000000eab00000, 0x00000000ec380000, 0x0000000100000000)
  eden space 22016K, 100% used [0x00000000eab00000,0x00000000ec080000,0x00000000ec080000)
  from space 1536K, 69% used [0x00000000ec180000,0x00000000ec289698,0x00000000ec300000)
  to   space 512K, 0% used [0x00000000ec300000,0x00000000ec300000,0x00000000ec380000)
 ParOldGen       total 68608K, used 13239K [0x00000000c0000000, 0x00000000c4300000, 0x00000000eab00000)
  object space 68608K, 19% used [0x00000000c0000000,0x00000000c0ceddd8,0x00000000c4300000)
 Metaspace       used 40914K, committed 41664K, reserved 1114112K
  class space    used 4261K, committed 4608K, reserved 1048576K
}
Event: 16.896 GC heap after
{Heap after GC invocations=14 (full 2):
 PSYoungGen      total 22528K, used 483K [0x00000000eab00000, 0x00000000ec580000, 0x0000000100000000)
  eden space 22016K, 0% used [0x00000000eab00000,0x00000000eab00000,0x00000000ec080000)
  from space 512K, 94% used [0x00000000ec300000,0x00000000ec378dd8,0x00000000ec380000)
  to   space 2560K, 0% used [0x00000000ec080000,0x00000000ec080000,0x00000000ec300000)
 ParOldGen       total 68608K, used 14805K [0x00000000c0000000, 0x00000000c4300000, 0x00000000eab00000)
  object space 68608K, 21% used [0x00000000c0000000,0x00000000c0e75788,0x00000000c4300000)
 Metaspace       used 40914K, committed 41664K, reserved 1114112K
  class space    used 4261K, committed 4608K, reserved 1048576K
}
Event: 17.536 GC heap before
{Heap before GC invocations=15 (full 2):
 PSYoungGen      total 22528K, used 22499K [0x00000000eab00000, 0x00000000ec580000, 0x0000000100000000)
  eden space 22016K, 100% used [0x00000000eab00000,0x00000000ec080000,0x00000000ec080000)
  from space 512K, 94% used [0x00000000ec300000,0x00000000ec378dd8,0x00000000ec380000)
  to   space 2560K, 0% used [0x00000000ec080000,0x00000000ec080000,0x00000000ec300000)
 ParOldGen       total 68608K, used 14805K [0x00000000c0000000, 0x00000000c4300000, 0x00000000eab00000)
  object space 68608K, 21% used [0x00000000c0000000,0x00000000c0e75788,0x00000000c4300000)
 Metaspace       used 43693K, committed 44544K, reserved 1114112K
  class space    used 4612K, committed 4992K, reserved 1048576K
}
Event: 17.539 GC heap after
{Heap after GC invocations=15 (full 2):
 PSYoungGen      total 23552K, used 1380K [0x00000000eab00000, 0x00000000ec480000, 0x0000000100000000)
  eden space 22016K, 0% used [0x00000000eab00000,0x00000000eab00000,0x00000000ec080000)
  from space 1536K, 89% used [0x00000000ec080000,0x00000000ec1d9058,0x00000000ec200000)
  to   space 2048K, 0% used [0x00000000ec280000,0x00000000ec280000,0x00000000ec480000)
 ParOldGen       total 68608K, used 15312K [0x00000000c0000000, 0x00000000c4300000, 0x00000000eab00000)
  object space 68608K, 22% used [0x00000000c0000000,0x00000000c0ef4160,0x00000000c4300000)
 Metaspace       used 43693K, committed 44544K, reserved 1114112K
  class space    used 4612K, committed 4992K, reserved 1048576K
}
Event: 18.041 GC heap before
{Heap before GC invocations=16 (full 2):
 PSYoungGen      total 23552K, used 23396K [0x00000000eab00000, 0x00000000ec480000, 0x0000000100000000)
  eden space 22016K, 100% used [0x00000000eab00000,0x00000000ec080000,0x00000000ec080000)
  from space 1536K, 89% used [0x00000000ec080000,0x00000000ec1d9058,0x00000000ec200000)
  to   space 2048K, 0% used [0x00000000ec280000,0x00000000ec280000,0x00000000ec480000)
 ParOldGen       total 68608K, used 15315K [0x00000000c0000000, 0x00000000c4300000, 0x00000000eab00000)
  object space 68608K, 22% used [0x00000000c0000000,0x00000000c0ef4e50,0x00000000c4300000)
 Metaspace       used 46361K, committed 47168K, reserved 1114112K
  class space    used 4978K, committed 5312K, reserved 1048576K
}
Event: 18.044 GC heap after
{Heap after GC invocations=16 (full 2):
 PSYoungGen      total 23552K, used 1157K [0x00000000eab00000, 0x00000000ec400000, 0x0000000100000000)
  eden space 22016K, 0% used [0x00000000eab00000,0x00000000eab00000,0x00000000ec080000)
  from space 1536K, 75% used [0x00000000ec280000,0x00000000ec3a16a0,0x00000000ec400000)
  to   space 1536K, 0% used [0x00000000ec080000,0x00000000ec080000,0x00000000ec200000)
 ParOldGen       total 68608K, used 16534K [0x00000000c0000000, 0x00000000c4300000, 0x00000000eab00000)
  object space 68608K, 24% used [0x00000000c0000000,0x00000000c1025840,0x00000000c4300000)
 Metaspace       used 46361K, committed 47168K, reserved 1114112K
  class space    used 4978K, committed 5312K, reserved 1048576K
}
Event: 18.750 GC heap before
{Heap before GC invocations=17 (full 2):
 PSYoungGen      total 23552K, used 23173K [0x00000000eab00000, 0x00000000ec400000, 0x0000000100000000)
  eden space 22016K, 100% used [0x00000000eab00000,0x00000000ec080000,0x00000000ec080000)
  from space 1536K, 75% used [0x00000000ec280000,0x00000000ec3a16a0,0x00000000ec400000)
  to   space 1536K, 0% used [0x00000000ec080000,0x00000000ec080000,0x00000000ec200000)
 ParOldGen       total 68608K, used 16534K [0x00000000c0000000, 0x00000000c4300000, 0x00000000eab00000)
  object space 68608K, 24% used [0x00000000c0000000,0x00000000c1025840,0x00000000c4300000)
 Metaspace       used 49346K, committed 50240K, reserved 1114112K
  class space    used 5350K, committed 5760K, reserved 1048576K
}
Event: 18.754 GC heap after
{Heap after GC invocations=17 (full 2):
 PSYoungGen      total 23552K, used 1508K [0x00000000eab00000, 0x00000000ec880000, 0x0000000100000000)
  eden space 22016K, 0% used [0x00000000eab00000,0x00000000eab00000,0x00000000ec080000)
  from space 1536K, 98% used [0x00000000ec080000,0x00000000ec1f9150,0x00000000ec200000)
  to   space 4096K, 0% used [0x00000000ec480000,0x00000000ec480000,0x00000000ec880000)
 ParOldGen       total 68608K, used 18304K [0x00000000c0000000, 0x00000000c4300000, 0x00000000eab00000)
  object space 68608K, 26% used [0x00000000c0000000,0x00000000c11e0368,0x00000000c4300000)
 Metaspace       used 49346K, committed 50240K, reserved 1114112K
  class space    used 5350K, committed 5760K, reserved 1048576K
}
Event: 19.550 GC heap before
{Heap before GC invocations=18 (full 2):
 PSYoungGen      total 23552K, used 23524K [0x00000000eab00000, 0x00000000ec880000, 0x0000000100000000)
  eden space 22016K, 100% used [0x00000000eab00000,0x00000000ec080000,0x00000000ec080000)
  from space 1536K, 98% used [0x00000000ec080000,0x00000000ec1f9150,0x00000000ec200000)
  to   space 4096K, 0% used [0x00000000ec480000,0x00000000ec480000,0x00000000ec880000)
 ParOldGen       total 68608K, used 18304K [0x00000000c0000000, 0x00000000c4300000, 0x00000000eab00000)
  object space 68608K, 26% used [0x00000000c0000000,0x00000000c11e0368,0x00000000c4300000)
 Metaspace       used 52859K, committed 53696K, reserved 1114112K
  class space    used 5803K, committed 6208K, reserved 1048576K
}
Event: 19.554 GC heap after
{Heap after GC invocations=18 (full 2):
 PSYoungGen      total 23552K, used 1461K [0x00000000eab00000, 0x00000000ec600000, 0x0000000100000000)
  eden space 22016K, 0% used [0x00000000eab00000,0x00000000eab00000,0x00000000ec080000)
  from space 1536K, 95% used [0x00000000ec480000,0x00000000ec5ed688,0x00000000ec600000)
  to   space 2560K, 0% used [0x00000000ec100000,0x00000000ec100000,0x00000000ec380000)
 ParOldGen       total 68608K, used 19802K [0x00000000c0000000, 0x00000000c4300000, 0x00000000eab00000)
  object space 68608K, 28% used [0x00000000c0000000,0x00000000c1356a50,0x00000000c4300000)
 Metaspace       used 52859K, committed 53696K, reserved 1114112K
  class space    used 5803K, committed 6208K, reserved 1048576K
}
Event: 22.910 GC heap before
{Heap before GC invocations=19 (full 2):
 PSYoungGen      total 23552K, used 23477K [0x00000000eab00000, 0x00000000ec600000, 0x0000000100000000)
  eden space 22016K, 100% used [0x00000000eab00000,0x00000000ec080000,0x00000000ec080000)
  from space 1536K, 95% used [0x00000000ec480000,0x00000000ec5ed688,0x00000000ec600000)
  to   space 2560K, 0% used [0x00000000ec100000,0x00000000ec100000,0x00000000ec380000)
 ParOldGen       total 68608K, used 19802K [0x00000000c0000000, 0x00000000c4300000, 0x00000000eab00000)
  object space 68608K, 28% used [0x00000000c0000000,0x00000000c1356a50,0x00000000c4300000)
 Metaspace       used 55581K, committed 56448K, reserved 1114112K
  class space    used 6128K, committed 6528K, reserved 1048576K
}
Event: 22.915 GC heap after
{Heap after GC invocations=19 (full 2):
 PSYoungGen      total 24064K, used 1584K [0x00000000eab00000, 0x00000000ec500000, 0x0000000100000000)
  eden space 22016K, 0% used [0x00000000eab00000,0x00000000eab00000,0x00000000ec080000)
  from space 2048K, 77% used [0x00000000ec100000,0x00000000ec28c010,0x00000000ec300000)
  to   space 2048K, 0% used [0x00000000ec300000,0x00000000ec300000,0x00000000ec500000)
 ParOldGen       total 68608K, used 21016K [0x00000000c0000000, 0x00000000c4300000, 0x00000000eab00000)
  object space 68608K, 30% used [0x00000000c0000000,0x00000000c1486108,0x00000000c4300000)
 Metaspace       used 55581K, committed 56448K, reserved 1114112K
  class space    used 6128K, committed 6528K, reserved 1048576K
}
Event: 23.412 GC heap before
{Heap before GC invocations=20 (full 2):
 PSYoungGen      total 24064K, used 23600K [0x00000000eab00000, 0x00000000ec500000, 0x0000000100000000)
  eden space 22016K, 100% used [0x00000000eab00000,0x00000000ec080000,0x00000000ec080000)
  from space 2048K, 77% used [0x00000000ec100000,0x00000000ec28c010,0x00000000ec300000)
  to   space 2048K, 0% used [0x00000000ec300000,0x00000000ec300000,0x00000000ec500000)
 ParOldGen       total 68608K, used 21016K [0x00000000c0000000, 0x00000000c4300000, 0x00000000eab00000)
  object space 68608K, 30% used [0x00000000c0000000,0x00000000c1486108,0x00000000c4300000)
 Metaspace       used 56235K, committed 57152K, reserved 1114112K
  class space    used 6198K, committed 6592K, reserved 1048576K
}
Event: 23.418 GC heap after
{Heap after GC invocations=20 (full 2):
 PSYoungGen      total 24064K, used 1920K [0x00000000eab00000, 0x00000000ec500000, 0x0000000100000000)
  eden space 22016K, 0% used [0x00000000eab00000,0x00000000eab00000,0x00000000ec080000)
  from space 2048K, 93% used [0x00000000ec300000,0x00000000ec4e0020,0x00000000ec500000)
  to   space 2048K, 0% used [0x00000000ec100000,0x00000000ec100000,0x00000000ec300000)
 ParOldGen       total 68608K, used 22486K [0x00000000c0000000, 0x00000000c4300000, 0x00000000eab00000)
  object space 68608K, 32% used [0x00000000c0000000,0x00000000c15f5a90,0x00000000c4300000)
 Metaspace       used 56235K, committed 57152K, reserved 1114112K
  class space    used 6198K, committed 6592K, reserved 1048576K
}
Event: 23.760 GC heap before
{Heap before GC invocations=21 (full 2):
 PSYoungGen      total 24064K, used 23936K [0x00000000eab00000, 0x00000000ec500000, 0x0000000100000000)
  eden space 22016K, 100% used [0x00000000eab00000,0x00000000ec080000,0x00000000ec080000)
  from space 2048K, 93% used [0x00000000ec300000,0x00000000ec4e0020,0x00000000ec500000)
  to   space 2048K, 0% used [0x00000000ec100000,0x00000000ec100000,0x00000000ec300000)
 ParOldGen       total 68608K, used 22486K [0x00000000c0000000, 0x00000000c4300000, 0x00000000eab00000)
  object space 68608K, 32% used [0x00000000c0000000,0x00000000c15f5a90,0x00000000c4300000)
 Metaspace       used 56669K, committed 57600K, reserved 1114112K
  class space    used 6246K, committed 6656K, reserved 1048576K
}
Event: 23.763 GC heap after
{Heap after GC invocations=21 (full 2):
 PSYoungGen      total 24064K, used 1952K [0x00000000eab00000, 0x00000000ec480000, 0x0000000100000000)
  eden space 22016K, 0% used [0x00000000eab00000,0x00000000eab00000,0x00000000ec080000)
  from space 2048K, 95% used [0x00000000ec100000,0x00000000ec2e8010,0x00000000ec300000)
  to   space 1536K, 0% used [0x00000000ec300000,0x00000000ec300000,0x00000000ec480000)
 ParOldGen       total 68608K, used 24323K [0x00000000c0000000, 0x00000000c4300000, 0x00000000eab00000)
  object space 68608K, 35% used [0x00000000c0000000,0x00000000c17c0e08,0x00000000c4300000)
 Metaspace       used 56669K, committed 57600K, reserved 1114112K
  class space    used 6246K, committed 6656K, reserved 1048576K
}

